/home/omg28/.conda/envs/traffic/lib/python3.12/site-packages/xgboost/core.py:377: FutureWarning: Your system has an old version of glibc (< 2.28). We will stop supporting Linux distros with glibc older than 2.28 after **May 31, 2025**. Please upgrade to a recent Linux distro (with glibc >= 2.28) to use future versions of XGBoost.
Note: You have installed the 'manylinux2014' variant of XGBoost. Certain features such as GPU algorithms or federated learning are not available. To use these features, please upgrade to a recent Linux distro with glibc 2.28+, and install the 'manylinux_2_28' variant.
  warnings.warn(
/home/omg28/.conda/envs/traffic/lib/python3.12/site-packages/xgboost/core.py:377: FutureWarning: Your system has an old version of glibc (< 2.28). We will stop supporting Linux distros with glibc older than 2.28 after **May 31, 2025**. Please upgrade to a recent Linux distro (with glibc >= 2.28) to use future versions of XGBoost.
Note: You have installed the 'manylinux2014' variant of XGBoost. Certain features such as GPU algorithms or federated learning are not available. To use these features, please upgrade to a recent Linux distro with glibc 2.28+, and install the 'manylinux_2_28' variant.
  warnings.warn(
/home/omg28/.conda/envs/traffic/lib/python3.12/site-packages/xgboost/core.py:377: FutureWarning: Your system has an old version of glibc (< 2.28). We will stop supporting Linux distros with glibc older than 2.28 after **May 31, 2025**. Please upgrade to a recent Linux distro (with glibc >= 2.28) to use future versions of XGBoost.
Note: You have installed the 'manylinux2014' variant of XGBoost. Certain features such as GPU algorithms or federated learning are not available. To use these features, please upgrade to a recent Linux distro with glibc 2.28+, and install the 'manylinux_2_28' variant.
  warnings.warn(
/home/omg28/.conda/envs/traffic/lib/python3.12/site-packages/xgboost/core.py:377: FutureWarning: Your system has an old version of glibc (< 2.28). We will stop supporting Linux distros with glibc older than 2.28 after **May 31, 2025**. Please upgrade to a recent Linux distro (with glibc >= 2.28) to use future versions of XGBoost.
Note: You have installed the 'manylinux2014' variant of XGBoost. Certain features such as GPU algorithms or federated learning are not available. To use these features, please upgrade to a recent Linux distro with glibc 2.28+, and install the 'manylinux_2_28' variant.
  warnings.warn(
/home/omg28/.conda/envs/traffic/lib/python3.12/site-packages/xgboost/core.py:377: FutureWarning: Your system has an old version of glibc (< 2.28). We will stop supporting Linux distros with glibc older than 2.28 after **May 31, 2025**. Please upgrade to a recent Linux distro (with glibc >= 2.28) to use future versions of XGBoost.
Note: You have installed the 'manylinux2014' variant of XGBoost. Certain features such as GPU algorithms or federated learning are not available. To use these features, please upgrade to a recent Linux distro with glibc 2.28+, and install the 'manylinux_2_28' variant.
  warnings.warn(
/home/omg28/.conda/envs/traffic/lib/python3.12/site-packages/xgboost/core.py:377: FutureWarning: Your system has an old version of glibc (< 2.28). We will stop supporting Linux distros with glibc older than 2.28 after **May 31, 2025**. Please upgrade to a recent Linux distro (with glibc >= 2.28) to use future versions of XGBoost.
Note: You have installed the 'manylinux2014' variant of XGBoost. Certain features such as GPU algorithms or federated learning are not available. To use these features, please upgrade to a recent Linux distro with glibc 2.28+, and install the 'manylinux_2_28' variant.
  warnings.warn(
/home/omg28/.conda/envs/traffic/lib/python3.12/site-packages/xgboost/core.py:377: FutureWarning: Your system has an old version of glibc (< 2.28). We will stop supporting Linux distros with glibc older than 2.28 after **May 31, 2025**. Please upgrade to a recent Linux distro (with glibc >= 2.28) to use future versions of XGBoost.
Note: You have installed the 'manylinux2014' variant of XGBoost. Certain features such as GPU algorithms or federated learning are not available. To use these features, please upgrade to a recent Linux distro with glibc 2.28+, and install the 'manylinux_2_28' variant.
  warnings.warn(
/home/omg28/.conda/envs/traffic/lib/python3.12/site-packages/xgboost/core.py:377: FutureWarning: Your system has an old version of glibc (< 2.28). We will stop supporting Linux distros with glibc older than 2.28 after **May 31, 2025**. Please upgrade to a recent Linux distro (with glibc >= 2.28) to use future versions of XGBoost.
Note: You have installed the 'manylinux2014' variant of XGBoost. Certain features such as GPU algorithms or federated learning are not available. To use these features, please upgrade to a recent Linux distro with glibc 2.28+, and install the 'manylinux_2_28' variant.
  warnings.warn(
/home/omg28/.conda/envs/traffic/lib/python3.12/site-packages/xgboost/core.py:377: FutureWarning: Your system has an old version of glibc (< 2.28). We will stop supporting Linux distros with glibc older than 2.28 after **May 31, 2025**. Please upgrade to a recent Linux distro (with glibc >= 2.28) to use future versions of XGBoost.
Note: You have installed the 'manylinux2014' variant of XGBoost. Certain features such as GPU algorithms or federated learning are not available. To use these features, please upgrade to a recent Linux distro with glibc 2.28+, and install the 'manylinux_2_28' variant.
  warnings.warn(
/home/omg28/.conda/envs/traffic/lib/python3.12/site-packages/xgboost/core.py:377: FutureWarning: Your system has an old version of glibc (< 2.28). We will stop supporting Linux distros with glibc older than 2.28 after **May 31, 2025**. Please upgrade to a recent Linux distro (with glibc >= 2.28) to use future versions of XGBoost.
Note: You have installed the 'manylinux2014' variant of XGBoost. Certain features such as GPU algorithms or federated learning are not available. To use these features, please upgrade to a recent Linux distro with glibc 2.28+, and install the 'manylinux_2_28' variant.
  warnings.warn(
/home/omg28/.conda/envs/traffic/lib/python3.12/site-packages/xgboost/core.py:377: FutureWarning: Your system has an old version of glibc (< 2.28). We will stop supporting Linux distros with glibc older than 2.28 after **May 31, 2025**. Please upgrade to a recent Linux distro (with glibc >= 2.28) to use future versions of XGBoost.
Note: You have installed the 'manylinux2014' variant of XGBoost. Certain features such as GPU algorithms or federated learning are not available. To use these features, please upgrade to a recent Linux distro with glibc 2.28+, and install the 'manylinux_2_28' variant.
  warnings.warn(
/home/omg28/.conda/envs/traffic/lib/python3.12/site-packages/xgboost/core.py:377: FutureWarning: Your system has an old version of glibc (< 2.28). We will stop supporting Linux distros with glibc older than 2.28 after **May 31, 2025**. Please upgrade to a recent Linux distro (with glibc >= 2.28) to use future versions of XGBoost.
Note: You have installed the 'manylinux2014' variant of XGBoost. Certain features such as GPU algorithms or federated learning are not available. To use these features, please upgrade to a recent Linux distro with glibc 2.28+, and install the 'manylinux_2_28' variant.
  warnings.warn(
multiprocessing.pool.RemoteTraceback: 
"""
Traceback (most recent call last):
  File "/home/omg28/.conda/envs/traffic/lib/python3.12/multiprocessing/pool.py", line 125, in worker
    result = (True, func(*args, **kwds))
                    ^^^^^^^^^^^^^^^^^^^
  File "/home/omg28/ConflictTrails/sandbox_code.py", line 28, in process_month_emissions_wrapper
    return process_month_emissions(*args)
           ^^^^^^^^^^^^^^^^^^^^^^^^^^^^^^
  File "/home/omg28/ConflictTrails/process_month_emissions.py", line 109, in process_month_emissions
    with Pool(processes=round(cpu_count()/2)) as pool:
         ^^^^^^^^^^^^^^^^^^^^^^^^^^^^^^^^^^^^
  File "/home/omg28/.conda/envs/traffic/lib/python3.12/multiprocessing/context.py", line 119, in Pool
    return Pool(processes, initializer, initargs, maxtasksperchild,
           ^^^^^^^^^^^^^^^^^^^^^^^^^^^^^^^^^^^^^^^^^^^^^^^^^^^^^^^^
  File "/home/omg28/.conda/envs/traffic/lib/python3.12/multiprocessing/pool.py", line 215, in __init__
    self._repopulate_pool()
  File "/home/omg28/.conda/envs/traffic/lib/python3.12/multiprocessing/pool.py", line 306, in _repopulate_pool
    return self._repopulate_pool_static(self._ctx, self.Process,
           ^^^^^^^^^^^^^^^^^^^^^^^^^^^^^^^^^^^^^^^^^^^^^^^^^^^^^
  File "/home/omg28/.conda/envs/traffic/lib/python3.12/multiprocessing/pool.py", line 329, in _repopulate_pool_static
    w.start()
  File "/home/omg28/.conda/envs/traffic/lib/python3.12/multiprocessing/process.py", line 118, in start
    assert not _current_process._config.get('daemon'), \
           ^^^^^^^^^^^^^^^^^^^^^^^^^^^^^^^^^^^^^^^^^^
AssertionError: daemonic processes are not allowed to have children
"""

The above exception was the direct cause of the following exception:

Traceback (most recent call last):
  File "/home/omg28/ConflictTrails/sandbox_code.py", line 34, in <module>
    r = list(p.imap(process_month_emissions_wrapper, month_args))
        ^^^^^^^^^^^^^^^^^^^^^^^^^^^^^^^^^^^^^^^^^^^^^^^^^^^^^^^^^
  File "/home/omg28/.conda/envs/traffic/lib/python3.12/multiprocessing/pool.py", line 873, in next
    raise value
AssertionError: daemonic processes are not allowed to have children
Traceback (most recent call last):
  File "/home/omg28/ConflictTrails/process_month_emissions.py", line 5, in <module>
    from generate_flightpath import generate_flightpath
  File "/home/omg28/ConflictTrails/generate_flightpath.py", line 5, in <module>
    from icet import icet
  File "/home/omg28/ConflictTrails/icet.py", line 1, in <module>
    from ambiance import Atmosphere
ModuleNotFoundError: No module named 'ambiance'
  0%|          | 0/219 [00:00<?, ?it/s]  1%|          | 2/219 [00:27<49:49, 13.78s/it]  1%|▏         | 3/219 [00:53<1:07:13, 18.67s/it]  2%|▏         | 4/219 [01:14<1:09:56, 19.52s/it]  2%|▏         | 5/219 [01:34<1:11:20, 20.00s/it]  3%|▎         | 7/219 [01:56<54:43, 15.49s/it]    4%|▎         | 8/219 [02:22<1:03:43, 18.12s/it]  4%|▍         | 9/219 [02:44<1:07:42, 19.34s/it]  5%|▍         | 10/219 [03:04<1:07:25, 19.36s/it]  5%|▌         | 11/219 [03:22<1:06:06, 19.07s/it]  5%|▌         | 12/219 [03:41<1:05:46, 19.07s/it]  6%|▌         | 13/219 [04:02<1:07:10, 19.56s/it]  6%|▋         | 14/219 [04:20<1:05:38, 19.21s/it]  7%|▋         | 15/219 [04:41<1:06:14, 19.48s/it]  7%|▋         | 16/219 [05:03<1:08:37, 20.28s/it]  8%|▊         | 17/219 [05:25<1:10:11, 20.85s/it]  8%|▊         | 18/219 [05:51<1:15:19, 22.49s/it]  9%|▊         | 19/219 [06:15<1:16:26, 22.93s/it]  9%|▉         | 20/219 [06:40<1:17:53, 23.49s/it] 10%|▉         | 21/219 [07:05<1:19:24, 24.07s/it] 10%|█         | 22/219 [07:25<1:14:43, 22.76s/it] 11%|█         | 23/219 [07:50<1:16:36, 23.45s/it] 11%|█         | 24/219 [08:15<1:17:23, 23.81s/it] 12%|█▏        | 26/219 [08:38<58:43, 18.26s/it]   12%|█▏        | 27/219 [08:54<56:06, 17.53s/it] 13%|█▎        | 28/219 [09:15<59:14, 18.61s/it] 14%|█▎        | 30/219 [09:51<57:19, 18.20s/it] 14%|█▍        | 31/219 [10:11<58:25, 18.65s/it] 16%|█▌        | 34/219 [10:31<39:03, 12.67s/it] 16%|█▌        | 35/219 [10:51<43:27, 14.17s/it] 16%|█▋        | 36/219 [11:14<48:31, 15.91s/it] 17%|█▋        | 37/219 [11:45<59:23, 19.58s/it] 17%|█▋        | 38/219 [12:05<59:03, 19.58s/it] 18%|█▊        | 39/219 [12:23<58:10, 19.39s/it] 18%|█▊        | 40/219 [12:43<58:00, 19.44s/it] 20%|█▉        | 43/219 [13:09<39:53, 13.60s/it] 20%|██        | 44/219 [13:26<41:32, 14.24s/it] 21%|██        | 46/219 [13:50<38:55, 13.50s/it] 22%|██▏       | 48/219 [14:16<37:53, 13.30s/it] 22%|██▏       | 49/219 [14:35<41:02, 14.49s/it] 23%|██▎       | 50/219 [14:53<42:54, 15.24s/it] 23%|██▎       | 51/219 [15:11<44:24, 15.86s/it] 24%|██▎       | 52/219 [15:32<48:06, 17.28s/it] 24%|██▍       | 53/219 [15:51<48:27, 17.51s/it] 25%|██▍       | 54/219 [16:10<49:34, 18.02s/it] 25%|██▌       | 55/219 [16:29<50:18, 18.41s/it] 26%|██▌       | 57/219 [16:54<42:28, 15.73s/it] 26%|██▋       | 58/219 [17:22<49:51, 18.58s/it] 27%|██▋       | 59/219 [17:45<52:51, 19.82s/it] 27%|██▋       | 60/219 [18:07<53:45, 20.29s/it] 29%|██▉       | 63/219 [19:33<1:04:30, 24.81s/it] 29%|██▉       | 64/219 [19:51<1:00:47, 23.53s/it] 30%|██▉       | 65/219 [20:11<58:14, 22.69s/it]   30%|███       | 66/219 [20:34<58:13, 22.83s/it] 31%|███       | 67/219 [20:55<56:15, 22.21s/it] 31%|███       | 68/219 [21:17<55:49, 22.19s/it] 32%|███▏      | 69/219 [21:38<54:30, 21.80s/it] 32%|███▏      | 70/219 [22:00<54:28, 21.93s/it] 32%|███▏      | 71/219 [22:29<58:44, 23.81s/it] 33%|███▎      | 72/219 [22:49<56:12, 22.94s/it] 33%|███▎      | 73/219 [23:09<53:27, 21.97s/it] 34%|███▍      | 74/219 [23:30<52:37, 21.77s/it] 34%|███▍      | 75/219 [23:52<52:00, 21.67s/it] 35%|███▌      | 77/219 [24:11<38:15, 16.17s/it] 36%|███▌      | 78/219 [24:30<39:42, 16.90s/it] 36%|███▌      | 79/219 [24:53<42:45, 18.32s/it][XGBoost CV] A124: R2=0.946±0.023, RMSE=0.490±0.148, N=72, Best={'learning_rate': 0.2, 'max_depth': 4, 'n_estimators': 200}
[XGBoost CV] A19N: R2=0.953±0.025, RMSE=0.117±0.032, N=72, Best={'learning_rate': 0.1, 'max_depth': 4, 'n_estimators': 200}
[XGBoost CV] A20N: R2=0.947±0.028, RMSE=0.312±0.087, N=72, Best={'learning_rate': 0.2, 'max_depth': 3, 'n_estimators': 200}
[XGBoost CV] A21N: R2=0.951±0.029, RMSE=0.757±0.222, N=72, Best={'learning_rate': 0.2, 'max_depth': 3, 'n_estimators': 200}
[XGBoost CV] A306: R2=0.983±0.022, RMSE=0.332±0.210, N=72, Best={'learning_rate': 0.05, 'max_depth': 4, 'n_estimators': 200}
[XGBoost CV] A30B: R2=0.996±0.002, RMSE=0.142±0.056, N=72, Best={'learning_rate': 0.1, 'max_depth': 4, 'n_estimators': 200}
[XGBoost CV] A310: R2=0.994±0.004, RMSE=0.213±0.072, N=72, Best={'learning_rate': 0.2, 'max_depth': 3, 'n_estimators': 200}
[XGBoost CV] A318: R2=0.971±0.023, RMSE=0.094±0.037, N=72, Best={'learning_rate': 0.2, 'max_depth': 2, 'n_estimators': 200}
[XGBoost CV] A319: R2=0.969±0.017, RMSE=0.123±0.044, N=72, Best={'learning_rate': 0.2, 'max_depth': 4, 'n_estimators': 200}
[XGBoost CV] A320: R2=0.964±0.024, RMSE=0.174±0.072, N=72, Best={'learning_rate': 0.2, 'max_depth': 2, 'n_estimators': 200}
[XGBoost CV] A321: R2=0.961±0.030, RMSE=0.292±0.130, N=72, Best={'learning_rate': 0.2, 'max_depth': 3, 'n_estimators': 200}
[XGBoost CV] A332: R2=0.963±0.035, RMSE=0.780±0.416, N=72, Best={'learning_rate': 0.2, 'max_depth': 2, 'n_estimators': 200}
[XGBoost CV] A333: R2=0.954±0.025, RMSE=1.100±0.306, N=72, Best={'learning_rate': 0.2, 'max_depth': 2, 'n_estimators': 200}
[XGBoost CV] A338: R2=0.957±0.027, RMSE=1.186±0.400, N=72, Best={'learning_rate': 0.2, 'max_depth': 3, 'n_estimators': 200}
[XGBoost CV] A339: R2=0.948±0.034, RMSE=1.310±0.458, N=72, Best={'learning_rate': 0.2, 'max_depth': 3, 'n_estimators': 200}
[XGBoost CV] A342: R2=0.955±0.017, RMSE=0.442±0.115, N=72, Best={'learning_rate': 0.2, 'max_depth': 3, 'n_estimators': 200}
[XGBoost CV] A343: R2=0.960±0.025, RMSE=0.346±0.121, N=72, Best={'learning_rate': 0.2, 'max_depth': 3, 'n_estimators': 200}
[XGBoost CV] A345: R2=0.955±0.030, RMSE=0.629±0.250, N=72, Best={'learning_rate': 0.2, 'max_depth': 3, 'n_estimators': 200}
[XGBoost CV] A346: R2=0.952±0.028, RMSE=0.828±0.287, N=72, Best={'learning_rate': 0.2, 'max_depth': 3, 'n_estimators': 200}
[XGBoost CV] A359: R2=0.966±0.025, RMSE=0.921±0.421, N=72, Best={'learning_rate': 0.2, 'max_depth': 2, 'n_estimators': 200}
[XGBoost CV] A35K: R2=0.956±0.035, RMSE=1.664±0.732, N=72, Best={'learning_rate': 0.2, 'max_depth': 3, 'n_estimators': 200}
[XGBoost CV] A388: R2=0.982±0.020, RMSE=0.479±0.257, N=72, Best={'learning_rate': 0.2, 'max_depth': 3, 'n_estimators': 200}
[XGBoost CV] A4: R2=0.988±0.013, RMSE=0.056±0.035, N=72, Best={'learning_rate': 0.1, 'max_depth': 4, 'n_estimators': 50}
[XGBoost CV] A6: R2=0.993±0.005, RMSE=0.061±0.022, N=72, Best={'learning_rate': 0.1, 'max_depth': 3, 'n_estimators': 200}
[XGBoost CV] AJET: R2=0.968±0.029, RMSE=0.013±0.006, N=72, Best={'learning_rate': 0.05, 'max_depth': 4, 'n_estimators': 200}
[XGBoost CV] AN72: R2=0.989±0.008, RMSE=0.078±0.031, N=72, Best={'learning_rate': 0.2, 'max_depth': 3, 'n_estimators': 200}
[XGBoost CV] ASTR: R2=0.954±0.031, RMSE=0.029±0.014, N=72, Best={'learning_rate': 0.2, 'max_depth': 3, 'n_estimators': 100}
[XGBoost CV] B37M: R2=0.950±0.043, RMSE=0.569±0.188, N=72, Best={'learning_rate': 0.1, 'max_depth': 4, 'n_estimators': 200}
[XGBoost CV] B38M: R2=0.957±0.032, RMSE=0.575±0.178, N=72, Best={'learning_rate': 0.1, 'max_depth': 4, 'n_estimators': 200}
[XGBoost CV] B39M: R2=0.962±0.019, RMSE=0.592±0.124, N=72, Best={'learning_rate': 0.1, 'max_depth': 4, 'n_estimators': 200}
[XGBoost CV] B3XM: R2=0.966±0.026, RMSE=0.573±0.307, N=72, Best={'learning_rate': 0.2, 'max_depth': 3, 'n_estimators': 200}
[XGBoost CV] B461: R2=0.956±0.009, RMSE=0.033±0.006, N=72, Best={'learning_rate': 0.2, 'max_depth': 3, 'n_estimators': 200}
[XGBoost CV] B462: R2=0.947±0.009, RMSE=0.036±0.005, N=72, Best={'learning_rate': 0.2, 'max_depth': 3, 'n_estimators': 200}
[XGBoost CV] B463: R2=0.957±0.005, RMSE=0.033±0.006, N=72, Best={'learning_rate': 0.2, 'max_depth': 4, 'n_estimators': 100}
[XGBoost CV] B703: R2=0.983±0.012, RMSE=0.053±0.025, N=72, Best={'learning_rate': 0.2, 'max_depth': 3, 'n_estimators': 200}
[XGBoost CV] B712: R2=0.988±0.008, RMSE=0.078±0.030, N=72, Best={'learning_rate': 0.2, 'max_depth': 4, 'n_estimators': 200}
[XGBoost CV] B722: R2=0.967±0.016, RMSE=0.145±0.047, N=72, Best={'learning_rate': 0.1, 'max_depth': 4, 'n_estimators': 200}
[XGBoost CV] B732: R2=0.965±0.013, RMSE=0.152±0.036, N=72, Best={'learning_rate': 0.2, 'max_depth': 3, 'n_estimators': 200}
[XGBoost CV] B733: R2=0.977±0.013, RMSE=0.076±0.026, N=72, Best={'learning_rate': 0.2, 'max_depth': 3, 'n_estimators': 200}
[XGBoost CV] B734: R2=0.970±0.024, RMSE=0.116±0.054, N=72, Best={'learning_rate': 0.1, 'max_depth': 3, 'n_estimators': 200}
[XGBoost CV] B735: R2=0.979±0.008, RMSE=0.077±0.027, N=72, Best={'learning_rate': 0.1, 'max_depth': 4, 'n_estimators': 200}
[XGBoost CV] B736: R2=0.985±0.008, RMSE=0.082±0.027, N=72, Best={'learning_rate': 0.2, 'max_depth': 4, 'n_estimators': 200}
[XGBoost CV] B737: R2=0.977±0.016, RMSE=0.058±0.025, N=72, Best={'learning_rate': 0.1, 'max_depth': 4, 'n_estimators': 200}
[XGBoost CV] B738: R2=0.960±0.030, RMSE=0.181±0.071, N=72, Best={'learning_rate': 0.2, 'max_depth': 2, 'n_estimators': 200}
[XGBoost CV] B739: R2=0.967±0.021, RMSE=0.183±0.081, N=72, Best={'learning_rate': 0.2, 'max_depth': 2, 'n_estimators': 200}
[XGBoost CV] B742: R2=0.962±0.034, RMSE=0.623±0.240, N=72, Best={'learning_rate': 0.2, 'max_depth': 3, 'n_estimators': 200}
[XGBoost CV] B743: R2=0.970±0.019, RMSE=0.590±0.192, N=72, Best={'learning_rate': 0.1, 'max_depth': 4, 'n_estimators': 200}
[XGBoost CV] B744: R2=0.964±0.019, RMSE=0.991±0.282, N=72, Best={'learning_rate': 0.2, 'max_depth': 3, 'n_estimators': 200}
[XGBoost CV] B748: R2=0.957±0.021, RMSE=0.828±0.166, N=72, Best={'learning_rate': 0.1, 'max_depth': 4, 'n_estimators': 200}
[XGBoost CV] B74S: R2=0.994±0.003, RMSE=0.108±0.039, N=72, Best={'learning_rate': 0.2, 'max_depth': 2, 'n_estimators': 200}
[XGBoost CV] B752: R2=0.982±0.012, RMSE=0.190±0.099, N=72, Best={'learning_rate': 0.2, 'max_depth': 2, 'n_estimators': 200}
[XGBoost CV] B753: R2=0.981±0.018, RMSE=0.207±0.078, N=72, Best={'learning_rate': 0.2, 'max_depth': 3, 'n_estimators': 200}
[XGBoost CV] B762: R2=0.980±0.011, RMSE=0.446±0.153, N=72, Best={'learning_rate': 0.1, 'max_depth': 3, 'n_estimators': 200}
[XGBoost CV] B763: R2=0.978±0.015, RMSE=0.466±0.145, N=72, Best={'learning_rate': 0.2, 'max_depth': 4, 'n_estimators': 200}
[XGBoost CV] B764: R2=0.963±0.033, RMSE=0.555±0.213, N=72, Best={'learning_rate': 0.1, 'max_depth': 4, 'n_estimators': 200}
[XGBoost CV] B772: R2=0.980±0.013, RMSE=0.450±0.153, N=72, Best={'learning_rate': 0.1, 'max_depth': 4, 'n_estimators': 200}
[XGBoost CV] B773: R2=0.984±0.011, RMSE=0.861±0.338, N=72, Best={'learning_rate': 0.1, 'max_depth': 4, 'n_estimators': 200}
[XGBoost CV] B77L: R2=0.930±0.064, RMSE=1.217±0.751, N=72, Best={'learning_rate': 0.2, 'max_depth': 3, 'n_estimators': 200}
[XGBoost CV] B77W: R2=0.983±0.012, RMSE=0.948±0.431, N=72, Best={'learning_rate': 0.1, 'max_depth': 4, 'n_estimators': 200}
[XGBoost CV] B788: R2=0.953±0.037, RMSE=0.664±0.317, N=72, Best={'learning_rate': 0.2, 'max_depth': 2, 'n_estimators': 200}
[XGBoost CV] B789: R2=0.954±0.046, RMSE=1.092±0.533, N=72, Best={'learning_rate': 0.2, 'max_depth': 3, 'n_estimators': 200}
[XGBoost CV] B78X: R2=0.961±0.035, RMSE=1.051±0.450, N=72, Best={'learning_rate': 0.2, 'max_depth': 3, 'n_estimators': 200}
[XGBoost CV] BCS1: R2=0.966±0.020, RMSE=0.081±0.029, N=72, Best={'learning_rate': 0.1, 'max_depth': 4, 'n_estimators': 200}
[XGBoost CV] BCS3: R2=0.963±0.025, RMSE=0.129±0.052, N=72, Best={'learning_rate': 0.2, 'max_depth': 4, 'n_estimators': 100}
[XGBoost CV] BE40: R2=0.975±0.016, RMSE=0.010±0.004, N=72, Best={'learning_rate': 0.1, 'max_depth': 4, 'n_estimators': 200}
[XGBoost CV] C135: R2=0.966±0.026, RMSE=0.189±0.086, N=72, Best={'learning_rate': 0.2, 'max_depth': 3, 'n_estimators': 200} 37%|███▋      | 81/219 [25:16<35:31, 15.44s/it] 38%|███▊      | 83/219 [25:42<32:57, 14.54s/it] 38%|███▊      | 84/219 [25:58<33:34, 14.92s/it] 39%|███▉      | 85/219 [26:17<35:23, 15.85s/it] 39%|███▉      | 86/219 [26:34<35:57, 16.22s/it] 40%|████      | 88/219 [26:53<29:06, 13.33s/it] 41%|████      | 90/219 [27:11<25:14, 11.74s/it] 42%|████▏     | 91/219 [27:29<27:55, 13.09s/it] 42%|████▏     | 92/219 [27:51<32:05, 15.16s/it] 42%|████▏     | 93/219 [28:14<35:41, 17.00s/it] 43%|████▎     | 94/219 [28:31<35:18, 16.95s/it] 43%|████▎     | 95/219 [28:57<40:15, 19.48s/it] 44%|████▍     | 96/219 [29:16<39:38, 19.33s/it] 44%|████▍     | 97/219 [29:34<38:27, 18.92s/it] 45%|████▍     | 98/219 [29:48<35:21, 17.54s/it] 46%|████▌     | 100/219 [30:09<28:29, 14.37s/it]